        -:    0:Source:C:/Users/maria/Desktop/Taller/ALGORI~1/Clase7/lib/GOOGLE~1/GOOGLE~2/include/gtest/gtest-message.h
        -:    0:Graph:C:\Users\maria\Desktop\Taller\Algoritmos I\Clase7\cmake-build-debug-coverage\lib\googletest-master\googlemock\gtest\CMakeFiles\gtest.dir\src\gtest-all.cc.gcno
        -:    0:Data:C:\Users\maria\Desktop\Taller\Algoritmos I\Clase7\cmake-build-debug-coverage\lib\googletest-master\googlemock\gtest\CMakeFiles\gtest.dir\src\gtest-all.cc.gcda
        -:    0:Runs:1
        -:    0:Programs:1
        -:    1:// Copyright 2005, Google Inc.
        -:    2:// All rights reserved.
        -:    3://
        -:    4:// Redistribution and use in source and binary forms, with or without
        -:    5:// modification, are permitted provided that the following conditions are
        -:    6:// met:
        -:    7://
        -:    8://     * Redistributions of source code must retain the above copyright
        -:    9:// notice, this list of conditions and the following disclaimer.
        -:   10://     * Redistributions in binary form must reproduce the above
        -:   11:// copyright notice, this list of conditions and the following disclaimer
        -:   12:// in the documentation and/or other materials provided with the
        -:   13:// distribution.
        -:   14://     * Neither the name of Google Inc. nor the names of its
        -:   15:// contributors may be used to endorse or promote products derived from
        -:   16:// this software without specific prior written permission.
        -:   17://
        -:   18:// THIS SOFTWARE IS PROVIDED BY THE COPYRIGHT HOLDERS AND CONTRIBUTORS
        -:   19:// "AS IS" AND ANY EXPRESS OR IMPLIED WARRANTIES, INCLUDING, BUT NOT
        -:   20:// LIMITED TO, THE IMPLIED WARRANTIES OF MERCHANTABILITY AND FITNESS FOR
        -:   21:// A PARTICULAR PURPOSE ARE DISCLAIMED. IN NO EVENT SHALL THE COPYRIGHT
        -:   22:// OWNER OR CONTRIBUTORS BE LIABLE FOR ANY DIRECT, INDIRECT, INCIDENTAL,
        -:   23:// SPECIAL, EXEMPLARY, OR CONSEQUENTIAL DAMAGES (INCLUDING, BUT NOT
        -:   24:// LIMITED TO, PROCUREMENT OF SUBSTITUTE GOODS OR SERVICES; LOSS OF USE,
        -:   25:// DATA, OR PROFITS; OR BUSINESS INTERRUPTION) HOWEVER CAUSED AND ON ANY
        -:   26:// THEORY OF LIABILITY, WHETHER IN CONTRACT, STRICT LIABILITY, OR TORT
        -:   27:// (INCLUDING NEGLIGENCE OR OTHERWISE) ARISING IN ANY WAY OUT OF THE USE
        -:   28:// OF THIS SOFTWARE, EVEN IF ADVISED OF THE POSSIBILITY OF SUCH DAMAGE.
        -:   29://
        -:   30:// Author: wan@google.com (Zhanyong Wan)
        -:   31://
        -:   32:// The Google C++ Testing Framework (Google Test)
        -:   33://
        -:   34:// This header file defines the Message class.
        -:   35://
        -:   36:// IMPORTANT NOTE: Due to limitation of the C++ language, we have to
        -:   37:// leave some internal implementation details in this header file.
        -:   38:// They are clearly marked by comments like this:
        -:   39://
        -:   40://   // INTERNAL IMPLEMENTATION - DO NOT USE IN A USER PROGRAM.
        -:   41://
        -:   42:// Such code is NOT meant to be used by a user directly, and is subject
        -:   43:// to CHANGE WITHOUT NOTICE.  Therefore DO NOT DEPEND ON IT in a user
        -:   44:// program!
        -:   45:
        -:   46:#ifndef GTEST_INCLUDE_GTEST_GTEST_MESSAGE_H_
        -:   47:#define GTEST_INCLUDE_GTEST_GTEST_MESSAGE_H_
        -:   48:
        -:   49:#include <limits>
        -:   50:
        -:   51:#include "gtest/internal/gtest-port.h"
        -:   52:
        -:   53:// Ensures that there is at least one operator<< in the global namespace.
        -:   54:// See Message& operator<<(...) below for why.
        -:   55:void operator<<(const testing::internal::Secret&, int);
        -:   56:
        -:   57:namespace testing {
        -:   58:
        -:   59:// The Message class works like an ostream repeater.
        -:   60://
        -:   61:// Typical usage:
        -:   62://
        -:   63://   1. You stream a bunch of values to a Message object.
        -:   64://      It will remember the text in a stringstream.
        -:   65://   2. Then you stream the Message object to an ostream.
        -:   66://      This causes the text in the Message to be streamed
        -:   67://      to the ostream.
        -:   68://
        -:   69:// For example;
        -:   70://
        -:   71://   testing::Message foo;
        -:   72://   foo << 1 << " != " << 2;
        -:   73://   std::cout << foo;
        -:   74://
        -:   75:// will print "1 != 2".
        -:   76://
        -:   77:// Message is not intended to be inherited from.  In particular, its
        -:   78:// destructor is not virtual.
        -:   79://
        -:   80:// Note that stringstream behaves differently in gcc and in MSVC.  You
        -:   81:// can stream a NULL char pointer to it in the former, but not in the
        -:   82:// latter (it causes an access violation if you do).  The Message
        -:   83:// class hides this difference by treating a NULL char pointer as
        -:   84:// "(null)".
    #####:   85:class GTEST_API_ Message {
    $$$$$:   85-block  0
    $$$$$:   85-block  1
        -:   86: private:
        -:   87:  // The type of basic IO manipulators (endl, ends, and flush) for
        -:   88:  // narrow streams.
        -:   89:  typedef std::ostream& (*BasicNarrowIoManip)(std::ostream&);
        -:   90:
        -:   91: public:
        -:   92:  // Constructs an empty Message.
        -:   93:  Message();
        -:   94:
        -:   95:  // Copy constructor.
    #####:   96:  Message(const Message& msg) : ss_(new ::std::stringstream) {  // NOLINT
    $$$$$:   96-block  0
    $$$$$:   96-block  1
    %%%%%:   96-block  2
    %%%%%:   96-block  3
    #####:   97:    *ss_ << msg.GetString();
    $$$$$:   97-block  0
    $$$$$:   97-block  1
    %%%%%:   97-block  2
    #####:   98:  }
        -:   99:
        -:  100:  // Constructs a Message from a C-string.
        -:  101:  explicit Message(const char* str) : ss_(new ::std::stringstream) {
        -:  102:    *ss_ << str;
        -:  103:  }
        -:  104:
        -:  105:#if GTEST_OS_SYMBIAN
        -:  106:  // Streams a value (either a pointer or not) to this object.
        -:  107:  template <typename T>
        -:  108:  inline Message& operator <<(const T& value) {
        -:  109:    StreamHelper(typename internal::is_pointer<T>::type(), value);
        -:  110:    return *this;
        -:  111:  }
        -:  112:#else
        -:  113:  // Streams a non-pointer value to this object.
        -:  114:  template <typename T>
      363:  115:  inline Message& operator <<(const T& val) {
    $$$$$:  115-block  0
       23:  115-block  1
    $$$$$:  115-block  2
    $$$$$:  115-block  3
    $$$$$:  115-block  4
    $$$$$:  115-block  5
    $$$$$:  115-block  6
    $$$$$:  115-block  7
    $$$$$:  115-block  8
    $$$$$:  115-block  9
    $$$$$:  115-block 10
    $$$$$:  115-block 11
    $$$$$:  115-block 12
    $$$$$:  115-block 13
    $$$$$:  115-block 14
    $$$$$:  115-block 15
    $$$$$:  115-block 16
    $$$$$:  115-block 17
    $$$$$:  115-block 18
    $$$$$:  115-block 19
    $$$$$:  115-block 20
    $$$$$:  115-block 21
    $$$$$:  115-block 22
    $$$$$:  115-block 23
    $$$$$:  115-block 24
    $$$$$:  115-block 25
       17:  115-block 26
    $$$$$:  115-block 27
    $$$$$:  115-block 28
    $$$$$:  115-block 29
    $$$$$:  115-block 30
    $$$$$:  115-block 31
    $$$$$:  115-block 32
    $$$$$:  115-block 33
    $$$$$:  115-block 34
    $$$$$:  115-block 35
    $$$$$:  115-block 36
    $$$$$:  115-block 37
    $$$$$:  115-block 38
    $$$$$:  115-block 39
    $$$$$:  115-block 40
    $$$$$:  115-block 41
    $$$$$:  115-block 42
    $$$$$:  115-block 43
    $$$$$:  115-block 44
    $$$$$:  115-block 45
    $$$$$:  115-block 46
    $$$$$:  115-block 47
    $$$$$:  115-block 48
    $$$$$:  115-block 49
      310:  115-block 50
    $$$$$:  115-block 51
    $$$$$:  115-block 52
       13:  115-block 53
    $$$$$:  115-block 54
    $$$$$:  115-block 55
    $$$$$:  115-block 56
        -:  116:    // Some libraries overload << for STL containers.  These
        -:  117:    // overloads are defined in the global namespace instead of ::std.
        -:  118:    //
        -:  119:    // C++'s symbol lookup rule (i.e. Koenig lookup) says that these
        -:  120:    // overloads are visible in either the std namespace or the global
        -:  121:    // namespace, but not other namespaces, including the testing
        -:  122:    // namespace which Google Test's Message class is in.
        -:  123:    //
        -:  124:    // To allow STL containers (and other types that has a << operator
        -:  125:    // defined in the global namespace) to be used in Google Test
        -:  126:    // assertions, testing::Message must access the custom << operator
        -:  127:    // from the global namespace.  With this using declaration,
        -:  128:    // overloads of << defined in the global namespace and those
        -:  129:    // visible via Koenig lookup are both exposed in this function.
        -:  130:    using ::operator <<;
      363:  131:    *ss_ << val;
    $$$$$:  131-block  0
       23:  131-block  1
    $$$$$:  131-block  2
    $$$$$:  131-block  3
    $$$$$:  131-block  4
    $$$$$:  131-block  5
    $$$$$:  131-block  6
    $$$$$:  131-block  7
    $$$$$:  131-block  8
    $$$$$:  131-block  9
    $$$$$:  131-block 10
    $$$$$:  131-block 11
    $$$$$:  131-block 12
    $$$$$:  131-block 13
    $$$$$:  131-block 14
    $$$$$:  131-block 15
    $$$$$:  131-block 16
    $$$$$:  131-block 17
    $$$$$:  131-block 18
    $$$$$:  131-block 19
    $$$$$:  131-block 20
    $$$$$:  131-block 21
    $$$$$:  131-block 22
    $$$$$:  131-block 23
    $$$$$:  131-block 24
    $$$$$:  131-block 25
       17:  131-block 26
    $$$$$:  131-block 27
    $$$$$:  131-block 28
    $$$$$:  131-block 29
    $$$$$:  131-block 30
    $$$$$:  131-block 31
    $$$$$:  131-block 32
    $$$$$:  131-block 33
    $$$$$:  131-block 34
    $$$$$:  131-block 35
    $$$$$:  131-block 36
    $$$$$:  131-block 37
    $$$$$:  131-block 38
    $$$$$:  131-block 39
    $$$$$:  131-block 40
    $$$$$:  131-block 41
    $$$$$:  131-block 42
    $$$$$:  131-block 43
    $$$$$:  131-block 44
    $$$$$:  131-block 45
    $$$$$:  131-block 46
    $$$$$:  131-block 47
    $$$$$:  131-block 48
    $$$$$:  131-block 49
      310:  131-block 50
    $$$$$:  131-block 51
    $$$$$:  131-block 52
       13:  131-block 53
    $$$$$:  131-block 54
    $$$$$:  131-block 55
    $$$$$:  131-block 56
      363:  132:    return *this;
        -:  133:  }
        -:  134:
        -:  135:  // Streams a pointer value to this object.
        -:  136:  //
        -:  137:  // This function is an overload of the previous one.  When you
        -:  138:  // stream a pointer to a Message, this definition will be used as it
        -:  139:  // is more specialized.  (The C++ Standard, section
        -:  140:  // [temp.func.order].)  If you stream a non-pointer, then the
        -:  141:  // previous definition will be used.
        -:  142:  //
        -:  143:  // The reason for this overload is that streaming a NULL pointer to
        -:  144:  // ostream is undefined behavior.  Depending on the compiler, you
        -:  145:  // may get "0", "(nil)", "(null)", or an access violation.  To
        -:  146:  // ensure consistent result across compilers, we always treat NULL
        -:  147:  // as "(null)".
        -:  148:  template <typename T>
       20:  149:  inline Message& operator <<(T* const& pointer) {  // NOLINT
        3:  149-block  0
       17:  149-block  1
       20:  150:    if (pointer == NULL) {
        3:  150-block  0
       17:  150-block  1
    #####:  151:      *ss_ << "(null)";
    $$$$$:  151-block  0
    $$$$$:  151-block  1
        -:  152:    } else {
       20:  153:      *ss_ << pointer;
        3:  153-block  0
       17:  153-block  1
        -:  154:    }
       20:  155:    return *this;
        3:  155-block  0
       17:  155-block  1
        -:  156:  }
        -:  157:#endif  // GTEST_OS_SYMBIAN
        -:  158:
        -:  159:  // Since the basic IO manipulators are overloaded for both narrow
        -:  160:  // and wide streams, we have to provide this specialized definition
        -:  161:  // of operator <<, even though its body is the same as the
        -:  162:  // templatized version above.  Without this definition, streaming
        -:  163:  // endl or other basic IO manipulators to Message will confuse the
        -:  164:  // compiler.
        -:  165:  Message& operator <<(BasicNarrowIoManip val) {
        -:  166:    *ss_ << val;
        -:  167:    return *this;
        -:  168:  }
        -:  169:
        -:  170:  // Instead of 1/0, we want to see true/false for bool values.
        -:  171:  Message& operator <<(bool b) {
        -:  172:    return *this << (b ? "true" : "false");
        -:  173:  }
        -:  174:
        -:  175:  // These two overloads allow streaming a wide C string to a Message
        -:  176:  // using the UTF-8 encoding.
        -:  177:  Message& operator <<(const wchar_t* wide_c_str);
        -:  178:  Message& operator <<(wchar_t* wide_c_str);
        -:  179:
        -:  180:#if GTEST_HAS_STD_WSTRING
        -:  181:  // Converts the given wide string to a narrow string using the UTF-8
        -:  182:  // encoding, and streams the result to this Message object.
        -:  183:  Message& operator <<(const ::std::wstring& wstr);
        -:  184:#endif  // GTEST_HAS_STD_WSTRING
        -:  185:
        -:  186:#if GTEST_HAS_GLOBAL_WSTRING
        -:  187:  // Converts the given wide string to a narrow string using the UTF-8
        -:  188:  // encoding, and streams the result to this Message object.
        -:  189:  Message& operator <<(const ::wstring& wstr);
        -:  190:#endif  // GTEST_HAS_GLOBAL_WSTRING
        -:  191:
        -:  192:  // Gets the text streamed to this object so far as an std::string.
        -:  193:  // Each '\0' character in the buffer is replaced with "\\0".
        -:  194:  //
        -:  195:  // INTERNAL IMPLEMENTATION - DO NOT USE IN A USER PROGRAM.
        -:  196:  std::string GetString() const;
        -:  197:
        -:  198: private:
        -:  199:#if GTEST_OS_SYMBIAN
        -:  200:  // These are needed as the Nokia Symbian Compiler cannot decide between
        -:  201:  // const T& and const T* in a function template. The Nokia compiler _can_
        -:  202:  // decide between class template specializations for T and T*, so a
        -:  203:  // tr1::type_traits-like is_pointer works, and we can overload on that.
        -:  204:  template <typename T>
        -:  205:  inline void StreamHelper(internal::true_type /*is_pointer*/, T* pointer) {
        -:  206:    if (pointer == NULL) {
        -:  207:      *ss_ << "(null)";
        -:  208:    } else {
        -:  209:      *ss_ << pointer;
        -:  210:    }
        -:  211:  }
        -:  212:  template <typename T>
        -:  213:  inline void StreamHelper(internal::false_type /*is_pointer*/,
        -:  214:                           const T& value) {
        -:  215:    // See the comments in Message& operator <<(const T&) above for why
        -:  216:    // we need this using statement.
        -:  217:    using ::operator <<;
        -:  218:    *ss_ << value;
        -:  219:  }
        -:  220:#endif  // GTEST_OS_SYMBIAN
        -:  221:
        -:  222:  // We'll hold the text streamed to this object here.
        -:  223:  const internal::scoped_ptr< ::std::stringstream> ss_;
        -:  224:
        -:  225:  // We declare (but don't implement) this to prevent the compiler
        -:  226:  // from implementing the assignment operator.
        -:  227:  void operator=(const Message&);
        -:  228:};
        -:  229:
        -:  230:// Streams a Message to an ostream.
    #####:  231:inline std::ostream& operator <<(std::ostream& os, const Message& sb) {
    $$$$$:  231-block  0
    #####:  232:  return os << sb.GetString();
    $$$$$:  232-block  0
    $$$$$:  232-block  1
    $$$$$:  232-block  2
    %%%%%:  232-block  3
        -:  233:}
        -:  234:
        -:  235:namespace internal {
        -:  236:
        -:  237:// Converts a streamable value to an std::string.  A NULL pointer is
        -:  238:// converted to "(null)".  When the input value is a ::string,
        -:  239:// ::std::string, ::wstring, or ::std::wstring object, each NUL
        -:  240:// character in it is replaced with "\\0".
        -:  241:template <typename T>
       39:  242:std::string StreamableToString(const T& streamable) {
    $$$$$:  242-block  0
        3:  242-block  1
    $$$$$:  242-block  2
       23:  242-block  3
       13:  242-block  4
       39:  243:  return (Message() << streamable).GetString();
    $$$$$:  243-block  0
    $$$$$:  243-block  1
    $$$$$:  243-block  2
    $$$$$:  243-block  3
    $$$$$:  243-block  4
    %%%%%:  243-block  5
        3:  243-block  6
        3:  243-block  7
        3:  243-block  8
        3:  243-block  9
        3:  243-block 10
    %%%%%:  243-block 11
    $$$$$:  243-block 12
    $$$$$:  243-block 13
    $$$$$:  243-block 14
    $$$$$:  243-block 15
    $$$$$:  243-block 16
    %%%%%:  243-block 17
       23:  243-block 18
       23:  243-block 19
       23:  243-block 20
       23:  243-block 21
       23:  243-block 22
    %%%%%:  243-block 23
       13:  243-block 24
       13:  243-block 25
       13:  243-block 26
       13:  243-block 27
       13:  243-block 28
    %%%%%:  243-block 29
        -:  244:}
        -:  245:
        -:  246:}  // namespace internal
        -:  247:}  // namespace testing
        -:  248:
        -:  249:#endif  // GTEST_INCLUDE_GTEST_GTEST_MESSAGE_H_
