        -:    0:Source:C:/Users/maria/Desktop/Taller/Algoritmos I/Clase7/ej3/baldosasDelPiso.cpp
        -:    0:Graph:C:\Users\maria\Desktop\Taller\Algoritmos I\Clase7\cmake-build-debug-coverage\CMakeFiles\LaboTesting.dir\ej3\baldosasDelPiso.cpp.gcno
        -:    0:Data:C:\Users\maria\Desktop\Taller\Algoritmos I\Clase7\cmake-build-debug-coverage\CMakeFiles\LaboTesting.dir\ej3\baldosasDelPiso.cpp.gcda
        -:    0:Runs:1
        -:    0:Programs:1
        6:    1:int baldosasDelPiso(int M, int N, int B) {
        6:    1-block  0
        6:    2:    if(M % B == 0 && N % B ==0){
        6:    2-block  0
        3:    2-block  1
        2:    3:        return  (M*N)/(B*B);
        2:    3-block  0
        -:    4:    } else {
        4:    5:        if(M % B != 0 && N % B ==0) return (M/B + 1)*(N/B);
        4:    5-block  0
        3:    5-block  1
        1:    5-block  2
        -:    6:
        3:    7:        if(M % B == 0 && N % B !=0) return (M/B)*(N/B + 1);
        3:    7-block  0
        1:    7-block  1
        1:    7-block  2
        -:    8:
        2:    9:        if(M % B != 0 && N % B !=0) return (M/B + 1)*(N/B + 1);
        2:    9-block  0
        2:    9-block  1
        2:    9-block  2
        -:   10:    }
    #####:   11:}
    $$$$$:   11-block  0
