        -:    0:Source:C:/Users/maria/Desktop/Taller/Algoritmos I/Clase7/ej2/llenarTaxis.cpp
        -:    0:Graph:C:\Users\maria\Desktop\Taller\Algoritmos I\Clase7\cmake-build-debug-coverage\CMakeFiles\LaboTesting.dir\ej2\llenarTaxis.cpp.gcno
        -:    0:Data:C:\Users\maria\Desktop\Taller\Algoritmos I\Clase7\cmake-build-debug-coverage\CMakeFiles\LaboTesting.dir\ej2\llenarTaxis.cpp.gcda
        -:    0:Runs:1
        -:    0:Programs:1
    #####:    1:int llenarTaxis1(int g1, int g2, int g3) {
    $$$$$:    1-block  0
    #####:    2:	int res = g3 + (g2 + 1) / 2 + (g1 + 3) / 4;
    #####:    3:	return res;
    $$$$$:    3-block  0
        -:    4:}
        -:    5:
    #####:    6:int llenarTaxis2(int g1, int g2, int g3) {
    $$$$$:    6-block  0
    #####:    7:	int res = g3;
        -:    8:
    #####:    9:	if (g1 <= g3) {
    $$$$$:    9-block  0
    #####:   10:		g1 = 0;
    $$$$$:   10-block  0
        -:   11:	} else {
    #####:   12:		g1 = g1 - g3;
    $$$$$:   12-block  0
        -:   13:	}
        -:   14:
    #####:   15:	return res + (g2 + 1) / 2 + (g1 + 3) / 4;
    $$$$$:   15-block  0
        -:   16:}
        -:   17:
    #####:   18:int llenarTaxis3(int g1, int g2, int g3) {
    $$$$$:   18-block  0
    #####:   19:	int res = g3;
        -:   20:
    #####:   21:	if (g1 <= g3) {
    $$$$$:   21-block  0
    #####:   22:		g1 = 0;
    $$$$$:   22-block  0
        -:   23:	} else {
    #####:   24:		g1 = g1 - g3;
    $$$$$:   24-block  0
        -:   25:	}
        -:   26:
    #####:   27:	res = res + g2 / 2;
    #####:   28:	if (g2 % 2 == 0) {
    $$$$$:   28-block  0
    #####:   29:		if (g1 >= 2) {
    $$$$$:   29-block  0
    #####:   30:			g1 = g1 - 2;
    $$$$$:   30-block  0
        -:   31:		} else {
    #####:   32:			g1 = 0;
    $$$$$:   32-block  0
    $$$$$:   32-block  1
        -:   33:		}
        -:   34:	}
        -:   35:
    #####:   36:	return res + (g1 + 3) / 4;
    $$$$$:   36-block  0
        -:   37:}
