        -:    0:Source:C:/Users/maria/Desktop/Taller/Algoritmos I/Clase7/ej3/electores.cpp
        -:    0:Graph:C:\Users\maria\Desktop\Taller\Algoritmos I\Clase7\cmake-build-debug-coverage\CMakeFiles\LaboTesting.dir\ej3\electores.cpp.gcno
        -:    0:Data:C:\Users\maria\Desktop\Taller\Algoritmos I\Clase7\cmake-build-debug-coverage\CMakeFiles\LaboTesting.dir\ej3\electores.cpp.gcda
        -:    0:Runs:1
        -:    0:Programs:1
        -:    1:#include "electores.h"
        -:    2:
        6:    3:int validarVotante(int d, int m, int a) {
        6:    3-block  0
        6:    4:	if( 1900 <= a && a <= 2020 &&
        6:    4-block  0
        4:    4-block  1
        4:    4-block  2
        4:    5:	       1 <= m && m <= 12   &&
        4:    5-block  0
        4:    5-block  1
        4:    6:	       1 <= d && d <= 31 ){
        4:    6-block  0
        4:    7:	    if( m > 10 || (m == 10 && d >= 22) ){
        4:    7-block  0
        3:    7-block  1
        1:    7-block  2
        2:    8:            a = 2020 - a;
        2:    8-block  0
        -:    9:	    } else {
        2:   10:            a = 2020 - (a+1);
        2:   10-block  0
        -:   11:	    }
        4:   12:	    if(a < 16) return NO_VOTA;
        4:   12-block  0
        1:   12-block  1
        3:   13:	    if(a >= 16 && a < 18) return OPCIONAL_MENOR;
        3:   13-block  0
        3:   13-block  1
        1:   13-block  2
        2:   14:	    if(a >= 18 && a < 79) return OBLIGATORIO;
        2:   14-block  0
        2:   14-block  1
        1:   14-block  2
        1:   15:        if(a >= 70) return OPCIONAL_MAYOR;
        1:   15-block  0
        1:   15-block  1
        -:   16:	}
        2:   17:    return ERROR;
        2:   17-block  0
        -:   18:}
