        -:    0:Source:c:/mingw/lib/gcc/mingw32/6.3.0/include/c++/ext/new_allocator.h
        -:    0:Graph:C:\Users\maria\Desktop\Taller\Algoritmos I\Clase7\cmake-build-debug-coverage\lib\googletest-master\googlemock\gtest\CMakeFiles\gtest.dir\src\gtest-all.cc.gcno
        -:    0:Data:C:\Users\maria\Desktop\Taller\Algoritmos I\Clase7\cmake-build-debug-coverage\lib\googletest-master\googlemock\gtest\CMakeFiles\gtest.dir\src\gtest-all.cc.gcda
        -:    0:Runs:1
        -:    0:Programs:1
        -:    1:// Allocator that wraps operator new -*- C++ -*-
        -:    2:
        -:    3:// Copyright (C) 2001-2016 Free Software Foundation, Inc.
        -:    4://
        -:    5:// This file is part of the GNU ISO C++ Library.  This library is free
        -:    6:// software; you can redistribute it and/or modify it under the
        -:    7:// terms of the GNU General Public License as published by the
        -:    8:// Free Software Foundation; either version 3, or (at your option)
        -:    9:// any later version.
        -:   10:
        -:   11:// This library is distributed in the hope that it will be useful,
        -:   12:// but WITHOUT ANY WARRANTY; without even the implied warranty of
        -:   13:// MERCHANTABILITY or FITNESS FOR A PARTICULAR PURPOSE.  See the
        -:   14:// GNU General Public License for more details.
        -:   15:
        -:   16:// Under Section 7 of GPL version 3, you are granted additional
        -:   17:// permissions described in the GCC Runtime Library Exception, version
        -:   18:// 3.1, as published by the Free Software Foundation.
        -:   19:
        -:   20:// You should have received a copy of the GNU General Public License and
        -:   21:// a copy of the GCC Runtime Library Exception along with this program;
        -:   22:// see the files COPYING3 and COPYING.RUNTIME respectively.  If not, see
        -:   23:// <http://www.gnu.org/licenses/>.
        -:   24:
        -:   25:/** @file ext/new_allocator.h
        -:   26: *  This file is a GNU extension to the Standard C++ Library.
        -:   27: */
        -:   28:
        -:   29:#ifndef _NEW_ALLOCATOR_H
        -:   30:#define _NEW_ALLOCATOR_H 1
        -:   31:
        -:   32:#include <bits/c++config.h>
        -:   33:#include <new>
        -:   34:#include <bits/functexcept.h>
        -:   35:#include <bits/move.h>
        -:   36:#if __cplusplus >= 201103L
        -:   37:#include <type_traits>
        -:   38:#endif
        -:   39:
        -:   40:namespace __gnu_cxx _GLIBCXX_VISIBILITY(default)
        -:   41:{
        -:   42:_GLIBCXX_BEGIN_NAMESPACE_VERSION
        -:   43:
        -:   44:  using std::size_t;
        -:   45:  using std::ptrdiff_t;
        -:   46:
        -:   47:  /**
        -:   48:   *  @brief  An allocator that uses global new, as per [20.4].
        -:   49:   *  @ingroup allocators
        -:   50:   *
        -:   51:   *  This is precisely the allocator defined in the C++ Standard. 
        -:   52:   *    - all allocation calls operator new
        -:   53:   *    - all deallocation calls operator delete
        -:   54:   *
        -:   55:   *  @tparam  _Tp  Type of allocated object.
        -:   56:   */
        -:   57:  template<typename _Tp>
        -:   58:    class new_allocator
        -:   59:    {
        -:   60:    public:
        -:   61:      typedef size_t     size_type;
        -:   62:      typedef ptrdiff_t  difference_type;
        -:   63:      typedef _Tp*       pointer;
        -:   64:      typedef const _Tp* const_pointer;
        -:   65:      typedef _Tp&       reference;
        -:   66:      typedef const _Tp& const_reference;
        -:   67:      typedef _Tp        value_type;
        -:   68:
        -:   69:      template<typename _Tp1>
        -:   70:        struct rebind
        -:   71:        { typedef new_allocator<_Tp1> other; };
        -:   72:
        -:   73:#if __cplusplus >= 201103L
        -:   74:      // _GLIBCXX_RESOLVE_LIB_DEFECTS
        -:   75:      // 2103. propagate_on_container_move_assignment
        -:   76:      typedef std::true_type propagate_on_container_move_assignment;
        -:   77:#endif
        -:   78:
       63:   79:      new_allocator() _GLIBCXX_USE_NOEXCEPT { }
    $$$$$:   79-block  0
    $$$$$:   79-block  1
        1:   79-block  2
        2:   79-block  3
    $$$$$:   79-block  4
        1:   79-block  5
        1:   79-block  6
        1:   79-block  7
        5:   79-block  8
        4:   79-block  9
       23:   79-block 10
    $$$$$:   79-block 11
    $$$$$:   79-block 12
    $$$$$:   79-block 13
       23:   79-block 14
        1:   79-block 15
        1:   79-block 16
    $$$$$:   79-block 17
    $$$$$:   79-block 18
    $$$$$:   79-block 19
    $$$$$:   79-block 20
        -:   80:
        4:   81:      new_allocator(const new_allocator&) _GLIBCXX_USE_NOEXCEPT { }
    $$$$$:   81-block  0
    $$$$$:   81-block  1
    $$$$$:   81-block  2
    $$$$$:   81-block  3
    $$$$$:   81-block  4
        4:   81-block  5
        -:   82:
        -:   83:      template<typename _Tp1>
        -:   84:        new_allocator(const new_allocator<_Tp1>&) _GLIBCXX_USE_NOEXCEPT { }
        -:   85:
       66:   86:      ~new_allocator() _GLIBCXX_USE_NOEXCEPT { }
    $$$$$:   86-block  0
        2:   86-block  1
        1:   86-block  2
        1:   86-block  3
        1:   86-block  4
        5:   86-block  5
        4:   86-block  6
       23:   86-block  7
    $$$$$:   86-block  8
       23:   86-block  9
        1:   86-block 10
    $$$$$:   86-block 11
    $$$$$:   86-block 12
    $$$$$:   86-block 13
    $$$$$:   86-block 14
        5:   86-block 15
    $$$$$:   86-block 16
    $$$$$:   86-block 17
    $$$$$:   86-block 18
    $$$$$:   86-block 19
        -:   87:
        -:   88:      pointer
        -:   89:      address(reference __x) const _GLIBCXX_NOEXCEPT
        -:   90:      { return std::__addressof(__x); }
        -:   91:
        -:   92:      const_pointer
        -:   93:      address(const_reference __x) const _GLIBCXX_NOEXCEPT
        -:   94:      { return std::__addressof(__x); }
        -:   95:
        -:   96:      // NB: __n is permitted to be 0.  The C++ standard says nothing
        -:   97:      // about what the return value is when __n == 0.
        -:   98:      pointer
       36:   99:      allocate(size_type __n, const void* = 0)
    $$$$$:   99-block  0
    $$$$$:   99-block  1
    $$$$$:   99-block  2
       16:   99-block  3
    $$$$$:   99-block  4
    $$$$$:   99-block  5
    $$$$$:   99-block  6
    $$$$$:   99-block  7
    $$$$$:   99-block  8
    $$$$$:   99-block  9
        3:   99-block 10
    $$$$$:   99-block 11
        3:   99-block 12
    $$$$$:   99-block 13
    $$$$$:   99-block 14
        1:   99-block 15
       13:   99-block 16
    $$$$$:   99-block 17
    $$$$$:   99-block 18
    $$$$$:   99-block 19
        -:  100:      { 
       36:  101:	if (__n > this->max_size())
    $$$$$:  101-block  0
    $$$$$:  101-block  1
    $$$$$:  101-block  2
       16:  101-block  3
    $$$$$:  101-block  4
    $$$$$:  101-block  5
    $$$$$:  101-block  6
    $$$$$:  101-block  7
    $$$$$:  101-block  8
    $$$$$:  101-block  9
        3:  101-block 10
    $$$$$:  101-block 11
        3:  101-block 12
    $$$$$:  101-block 13
    $$$$$:  101-block 14
        1:  101-block 15
       13:  101-block 16
    $$$$$:  101-block 17
    $$$$$:  101-block 18
    $$$$$:  101-block 19
    #####:  102:	  std::__throw_bad_alloc();
    $$$$$:  102-block  0
    $$$$$:  102-block  1
    $$$$$:  102-block  2
    $$$$$:  102-block  3
    $$$$$:  102-block  4
    $$$$$:  102-block  5
    $$$$$:  102-block  6
    $$$$$:  102-block  7
    $$$$$:  102-block  8
    $$$$$:  102-block  9
    $$$$$:  102-block 10
    $$$$$:  102-block 11
    $$$$$:  102-block 12
    $$$$$:  102-block 13
    $$$$$:  102-block 14
    $$$$$:  102-block 15
    $$$$$:  102-block 16
    $$$$$:  102-block 17
    $$$$$:  102-block 18
    $$$$$:  102-block 19
        -:  103:
       36:  104:	return static_cast<_Tp*>(::operator new(__n * sizeof(_Tp)));
    $$$$$:  104-block  0
    $$$$$:  104-block  1
    $$$$$:  104-block  2
       16:  104-block  3
    $$$$$:  104-block  4
    $$$$$:  104-block  5
    $$$$$:  104-block  6
    $$$$$:  104-block  7
    $$$$$:  104-block  8
    $$$$$:  104-block  9
        3:  104-block 10
    $$$$$:  104-block 11
        3:  104-block 12
    $$$$$:  104-block 13
    $$$$$:  104-block 14
        1:  104-block 15
       13:  104-block 16
    $$$$$:  104-block 17
    $$$$$:  104-block 18
    $$$$$:  104-block 19
        -:  105:      }
        -:  106:
        -:  107:      // __p is not permitted to be a null pointer.
        -:  108:      void
       36:  109:      deallocate(pointer __p, size_type)
    $$$$$:  109-block  0
    $$$$$:  109-block  1
    $$$$$:  109-block  2
    $$$$$:  109-block  3
    $$$$$:  109-block  4
        3:  109-block  5
    $$$$$:  109-block  6
    $$$$$:  109-block  7
        1:  109-block  8
       16:  109-block  9
       13:  109-block 10
    $$$$$:  109-block 11
    $$$$$:  109-block 12
    $$$$$:  109-block 13
    $$$$$:  109-block 14
    $$$$$:  109-block 15
    $$$$$:  109-block 16
    $$$$$:  109-block 17
        3:  109-block 18
    $$$$$:  109-block 19
    $$$$$:  109-block 20
       36:  110:      { ::operator delete(__p); }
    $$$$$:  110-block  0
    $$$$$:  110-block  1
    $$$$$:  110-block  2
    $$$$$:  110-block  3
    $$$$$:  110-block  4
        3:  110-block  5
    $$$$$:  110-block  6
    $$$$$:  110-block  7
        1:  110-block  8
       16:  110-block  9
       13:  110-block 10
    $$$$$:  110-block 11
    $$$$$:  110-block 12
    $$$$$:  110-block 13
    $$$$$:  110-block 14
    $$$$$:  110-block 15
    $$$$$:  110-block 16
    $$$$$:  110-block 17
        3:  110-block 18
    $$$$$:  110-block 19
    $$$$$:  110-block 20
        -:  111:
        -:  112:      size_type
      106:  113:      max_size() const _GLIBCXX_USE_NOEXCEPT
    $$$$$:  113-block  0
    $$$$$:  113-block  1
    $$$$$:  113-block  2
       48:  113-block  3
    $$$$$:  113-block  4
    $$$$$:  113-block  5
    $$$$$:  113-block  6
    $$$$$:  113-block  7
    $$$$$:  113-block  8
    $$$$$:  113-block  9
        7:  113-block 10
    $$$$$:  113-block 11
        9:  113-block 12
    $$$$$:  113-block 13
    $$$$$:  113-block 14
        3:  113-block 15
       39:  113-block 16
    $$$$$:  113-block 17
    $$$$$:  113-block 18
    $$$$$:  113-block 19
      106:  114:      { return size_t(-1) / sizeof(_Tp); }
    $$$$$:  114-block  0
    $$$$$:  114-block  1
    $$$$$:  114-block  2
       48:  114-block  3
    $$$$$:  114-block  4
    $$$$$:  114-block  5
    $$$$$:  114-block  6
    $$$$$:  114-block  7
    $$$$$:  114-block  8
    $$$$$:  114-block  9
        7:  114-block 10
    $$$$$:  114-block 11
        9:  114-block 12
    $$$$$:  114-block 13
    $$$$$:  114-block 14
        3:  114-block 15
       39:  114-block 16
    $$$$$:  114-block 17
    $$$$$:  114-block 18
    $$$$$:  114-block 19
        -:  115:
        -:  116:#if __cplusplus >= 201103L
        -:  117:      template<typename _Up, typename... _Args>
        -:  118:        void
       47:  119:        construct(_Up* __p, _Args&&... __args)
    $$$$$:  119-block  0
    $$$$$:  119-block  1
    $$$$$:  119-block  2
    $$$$$:  119-block  3
    $$$$$:  119-block  4
    $$$$$:  119-block  5
       22:  119-block  6
    $$$$$:  119-block  7
        2:  119-block  8
    $$$$$:  119-block  9
        4:  119-block 10
    $$$$$:  119-block 11
    $$$$$:  119-block 12
        1:  119-block 13
       18:  119-block 14
    $$$$$:  119-block 15
    $$$$$:  119-block 16
    $$$$$:  119-block 17
       47:  120:	{ ::new((void *)__p) _Up(std::forward<_Args>(__args)...); }
    $$$$$:  120-block  0
    $$$$$:  120-block  1
    $$$$$:  120-block  2
    $$$$$:  120-block  3
    $$$$$:  120-block  4
    %%%%%:  120-block  5
    $$$$$:  120-block  6
    $$$$$:  120-block  7
    $$$$$:  120-block  8
    $$$$$:  120-block  9
    $$$$$:  120-block 10
    %%%%%:  120-block 11
    $$$$$:  120-block 12
    $$$$$:  120-block 13
    $$$$$:  120-block 14
    $$$$$:  120-block 15
    $$$$$:  120-block 16
    $$$$$:  120-block 17
    $$$$$:  120-block 18
    $$$$$:  120-block 19
    %%%%%:  120-block 20
    %%%%%:  120-block 21
    %%%%%:  120-block 22
    $$$$$:  120-block 23
    $$$$$:  120-block 24
    $$$$$:  120-block 25
    $$$$$:  120-block 26
    $$$$$:  120-block 27
    $$$$$:  120-block 28
       22:  120-block 29
       22:  120-block 30
    $$$$$:  120-block 31
    $$$$$:  120-block 32
    $$$$$:  120-block 33
    $$$$$:  120-block 34
        2:  120-block 35
        2:  120-block 36
    $$$$$:  120-block 37
    $$$$$:  120-block 38
    $$$$$:  120-block 39
    $$$$$:  120-block 40
    $$$$$:  120-block 41
    $$$$$:  120-block 42
    %%%%%:  120-block 43
        4:  120-block 44
        4:  120-block 45
    $$$$$:  120-block 46
    $$$$$:  120-block 47
    $$$$$:  120-block 48
    $$$$$:  120-block 49
    $$$$$:  120-block 50
    $$$$$:  120-block 51
    %%%%%:  120-block 52
    $$$$$:  120-block 53
    $$$$$:  120-block 54
    $$$$$:  120-block 55
        1:  120-block 56
        1:  120-block 57
    $$$$$:  120-block 58
       18:  120-block 59
       18:  120-block 60
    $$$$$:  120-block 61
    $$$$$:  120-block 62
    $$$$$:  120-block 63
    $$$$$:  120-block 64
    $$$$$:  120-block 65
    $$$$$:  120-block 66
    %%%%%:  120-block 67
    $$$$$:  120-block 68
    $$$$$:  120-block 69
    $$$$$:  120-block 70
    $$$$$:  120-block 71
    $$$$$:  120-block 72
    %%%%%:  120-block 73
    $$$$$:  120-block 74
    $$$$$:  120-block 75
    $$$$$:  120-block 76
        -:  121:
        -:  122:      template<typename _Up>
        -:  123:        void 
    #####:  124:        destroy(_Up* __p) { __p->~_Up(); }
    $$$$$:  124-block  0
    $$$$$:  124-block  1
    $$$$$:  124-block  2
    $$$$$:  124-block  3
    $$$$$:  124-block  4
    $$$$$:  124-block  5
    $$$$$:  124-block  6
    $$$$$:  124-block  7
    $$$$$:  124-block  8
    $$$$$:  124-block  9
    $$$$$:  124-block 10
    $$$$$:  124-block 11
    $$$$$:  124-block 12
    $$$$$:  124-block 13
    $$$$$:  124-block 14
    $$$$$:  124-block 15
    $$$$$:  124-block 16
    $$$$$:  124-block 17
    $$$$$:  124-block 18
    $$$$$:  124-block 19
    $$$$$:  124-block 20
    $$$$$:  124-block 21
    $$$$$:  124-block 22
    $$$$$:  124-block 23
    $$$$$:  124-block 24
    $$$$$:  124-block 25
        -:  125:#else
        -:  126:      // _GLIBCXX_RESOLVE_LIB_DEFECTS
        -:  127:      // 402. wrong new expression in [some_] allocator::construct
        -:  128:      void 
        -:  129:      construct(pointer __p, const _Tp& __val) 
        -:  130:      { ::new((void *)__p) _Tp(__val); }
        -:  131:
        -:  132:      void 
        -:  133:      destroy(pointer __p) { __p->~_Tp(); }
        -:  134:#endif
        -:  135:    };
        -:  136:
        -:  137:  template<typename _Tp>
        -:  138:    inline bool
        -:  139:    operator==(const new_allocator<_Tp>&, const new_allocator<_Tp>&)
        -:  140:    { return true; }
        -:  141:  
        -:  142:  template<typename _Tp>
        -:  143:    inline bool
        -:  144:    operator!=(const new_allocator<_Tp>&, const new_allocator<_Tp>&)
        -:  145:    { return false; }
        -:  146:
        -:  147:_GLIBCXX_END_NAMESPACE_VERSION
        -:  148:} // namespace
        -:  149:
        -:  150:#endif
