        -:    0:Source:C:/Users/maria/Desktop/Taller/Algoritmos I/Clase7/main.cpp
        -:    0:Graph:C:\Users\maria\Desktop\Taller\Algoritmos I\Clase7\cmake-build-debug-coverage\CMakeFiles\LaboTesting.dir\main.cpp.gcno
        -:    0:Data:C:\Users\maria\Desktop\Taller\Algoritmos I\Clase7\cmake-build-debug-coverage\CMakeFiles\LaboTesting.dir\main.cpp.gcda
        -:    0:Runs:1
        -:    0:Programs:1
        -:    1:#include <iostream>
        -:    2:#include "gtest/gtest.h"
        -:    3:
        1:    4:int main(int argc, char **argv) {
        1:    4-block  0
        1:    5:    std::cout << "Implementando GTest!!" << std::endl;
        1:    5-block  0
        1:    6:    testing::InitGoogleTest(&argc, argv);
        1:    7:    return RUN_ALL_TESTS();
        4:    8:}
        1:    8-block  0
        1:    8-block  1
        1:    8-block  2
        1:    8-block  3
        1:    8-block  4
